<?xml version="1.0" encoding="UTF-8"?>
<!-- Generated by org.testng.reporters.JUnitXMLReporter -->
<testsuite hostname="zurbagan3" ignored="1" name="Test01" tests="1" failures="0" timestamp="20 мая 2019 15:36:13 GMT" time="0.032" errors="0">
  <testcase name="checker05Test" time="0.011" classname="org.andestech.learning.rfb19.g4.App3Test"/>
  <testcase name="checker04Test" time="0.0" classname="org.andestech.learning.rfb19.g4.App3Test">
    <ignored/>
  </testcase> <!-- checker04Test -->
</testsuite> <!-- Test01 -->
